<?xml version="1.0" encoding="UTF-8" ?>
<testsuite errors="0" failures="0" hostname="samsoares-google-codeu-2780189" name="com.flatironschool.javacs.WikiPhilosophyTest" skipped="0" tests="1" time="5.553" timestamp="2016-06-21T17:37:28">
  <properties>
[...]
</properties>
  <testcase classname="com.flatironschool.javacs.WikiPhilosophyTest" name="testMain" time="5.433" />
  <system-out><![CDATA[Visited: https://en.wikipedia.org/wiki/Java_(programming_language)
Visited: https://en.wikipedia.org/wiki/Programming_language
Visited: https://en.wikipedia.org/wiki/Formal_language
Visited: https://en.wikipedia.org/wiki/Mathematics
Visited: https://en.wikipedia.org/wiki/Quantity
Visited: https://en.wikipedia.org/wiki/Property_(philosophy)
Visited: https://en.wikipedia.org/wiki/Philosophy
SUCCESS
]]></system-out>
  <system-err><![CDATA[]]></system-err>
</testsuite>
